build/app/intermediates/manifest_merge_blame_file/release/manifest-merger-blame-release-report.txt
1<?xml version="1.0" encoding="utf-8"?>
2<manifest xmlns:android="http://schemas.android.com/apk/res/android"
3    package="com.cordova.mobile"
4    android:versionCode="1"
5    android:versionName="1.0.0" >
6
7    <uses-sdk
8        android:minSdkVersion="21"
8-->src\main\AndroidManifest.xml
9        android:targetSdkVersion="34" />
9-->src\main\AndroidManifest.xml
10
11    <uses-permission android:name="android.permission.INTERNET" />
11-->src\main\AndroidManifest.xml:2:5-67
11-->src\main\AndroidManifest.xml:2:22-64
12    <uses-permission android:name="android.permission.POST_NOTIFICATIONS" />
12-->src\main\AndroidManifest.xml:3:5-76
12-->src\main\AndroidManifest.xml:3:22-74
13    <uses-permission android:name="android.permission.VIBRATE" />
13-->src\main\AndroidManifest.xml:4:5-66
13-->src\main\AndroidManifest.xml:4:22-63
14    <uses-permission android:name="android.permission.USE_FULL_SCREEN_INTENT" />
14-->src\main\AndroidManifest.xml:5:5-81
14-->src\main\AndroidManifest.xml:5:22-78
15    <uses-permission android:name="android.permission.USE_BIOMETRIC" />
15-->src\main\AndroidManifest.xml:6:5-72
15-->src\main\AndroidManifest.xml:6:22-69
16    <uses-permission android:name="android.permission.USE_FINGERPRINT" />
16-->src\main\AndroidManifest.xml:7:5-74
16-->src\main\AndroidManifest.xml:7:22-71
17    <!--
18         Required to query activities that can process text, see:
19         https://developer.android.com/training/package-visibility?hl=en and
20         https://developer.android.com/reference/android/content/Intent#ACTION_PROCESS_TEXT.
21
22         In particular, this is used by the Flutter engine in io.flutter.plugin.text.ProcessTextPlugin.
23    -->
24    <queries>
24-->src\main\AndroidManifest.xml:57:5-62:15
25        <intent>
25-->src\main\AndroidManifest.xml:58:9-61:18
26            <action android:name="android.intent.action.PROCESS_TEXT" />
26-->src\main\AndroidManifest.xml:59:13-72
26-->src\main\AndroidManifest.xml:59:21-70
27
28            <data android:mimeType="text/plain" />
28-->src\main\AndroidManifest.xml:60:13-50
28-->src\main\AndroidManifest.xml:60:19-48
29        </intent>
30    </queries>
31
32    <uses-permission android:name="android.permission.ACCESS_NETWORK_STATE" />
32-->[:connectivity_plus] AndroidManifest.xml:9:5-79
32-->[:connectivity_plus] AndroidManifest.xml:9:22-76
33
34    <permission
34-->[androidx.core:core:1.13.1] AndroidManifest.xml:22:5-24:47
35        android:name="com.cordova.mobile.DYNAMIC_RECEIVER_NOT_EXPORTED_PERMISSION"
35-->[androidx.core:core:1.13.1] AndroidManifest.xml:23:9-81
36        android:protectionLevel="signature" />
36-->[androidx.core:core:1.13.1] AndroidManifest.xml:24:9-44
37
38    <uses-permission android:name="com.cordova.mobile.DYNAMIC_RECEIVER_NOT_EXPORTED_PERMISSION" />
38-->[androidx.core:core:1.13.1] AndroidManifest.xml:26:5-97
38-->[androidx.core:core:1.13.1] AndroidManifest.xml:26:22-94
39
40    <application
41        android:name="android.app.Application"
41-->src\main\AndroidManifest.xml:10:9-42
42        android:appComponentFactory="androidx.core.app.CoreComponentFactory"
42-->[androidx.core:core:1.13.1] AndroidManifest.xml:28:18-86
43        android:icon="@mipmap/launcher_icon"
43-->src\main\AndroidManifest.xml:11:9-45
44        android:label="Cordova Mobile" >
44-->src\main\AndroidManifest.xml:9:9-39
45        <receiver
45-->src\main\AndroidManifest.xml:12:9-131
46            android:name="com.dexterous.flutterlocalnotifications.ScheduledNotificationReceiver"
46-->src\main\AndroidManifest.xml:12:44-128
47            android:exported="false" />
47-->src\main\AndroidManifest.xml:12:19-43
48        <receiver
48-->src\main\AndroidManifest.xml:13:9-125
49            android:name="com.dexterous.flutterlocalnotifications.ActionBroadcastReceiver"
49-->src\main\AndroidManifest.xml:13:44-122
50            android:exported="false" />
50-->src\main\AndroidManifest.xml:13:19-43
51        <receiver
51-->src\main\AndroidManifest.xml:14:9-21:20
52            android:name="com.dexterous.flutterlocalnotifications.ScheduledNotificationBootReceiver"
52-->src\main\AndroidManifest.xml:14:44-132
53            android:exported="false" >
53-->src\main\AndroidManifest.xml:14:19-43
54            <intent-filter>
54-->src\main\AndroidManifest.xml:15:13-20:29
55                <action android:name="android.intent.action.BOOT_COMPLETED" />
55-->src\main\AndroidManifest.xml:16:17-78
55-->src\main\AndroidManifest.xml:16:25-76
56                <action android:name="android.intent.action.MY_PACKAGE_REPLACED" />
56-->src\main\AndroidManifest.xml:17:17-83
56-->src\main\AndroidManifest.xml:17:25-81
57                <action android:name="android.intent.action.QUICKBOOT_POWERON" />
57-->src\main\AndroidManifest.xml:18:17-82
57-->src\main\AndroidManifest.xml:18:25-79
58                <action android:name="com.htc.intent.action.QUICKBOOT_POWERON" />
58-->src\main\AndroidManifest.xml:19:17-81
58-->src\main\AndroidManifest.xml:19:25-79
59            </intent-filter>
60        </receiver>
61
62        <activity
62-->src\main\AndroidManifest.xml:22:9-45:20
63            android:name="com.example.febankflutter.MainActivity"
63-->src\main\AndroidManifest.xml:23:13-41
64            android:configChanges="orientation|keyboardHidden|keyboard|screenSize|smallestScreenSize|locale|layoutDirection|fontScale|screenLayout|density|uiMode"
64-->src\main\AndroidManifest.xml:29:13-163
65            android:exported="true"
65-->src\main\AndroidManifest.xml:24:13-36
66            android:hardwareAccelerated="true"
66-->src\main\AndroidManifest.xml:30:13-47
67            android:launchMode="singleTop"
67-->src\main\AndroidManifest.xml:27:13-43
68            android:resizeableActivity="false"
68-->src\main\AndroidManifest.xml:32:13-47
69            android:showWhenLocked="true"
69-->src\main\AndroidManifest.xml:25:13-42
70            android:theme="@style/LaunchTheme"
70-->src\main\AndroidManifest.xml:28:13-47
71            android:turnScreenOn="true"
71-->src\main\AndroidManifest.xml:26:13-40
72            android:windowSoftInputMode="adjustResize" >
72-->src\main\AndroidManifest.xml:31:13-55
73
74            <!--
75                 Specifies an Android theme to apply to this Activity as soon as
76                 the Android process has started. This theme is visible to the user
77                 while the Flutter UI initializes. After that, this theme continues
78                 to determine the Window background behind the Flutter UI.
79            -->
80            <meta-data
80-->src\main\AndroidManifest.xml:37:13-40:17
81                android:name="io.flutter.embedding.android.NormalTheme"
81-->src\main\AndroidManifest.xml:38:15-70
82                android:resource="@style/NormalTheme" />
82-->src\main\AndroidManifest.xml:39:15-52
83
84            <intent-filter>
84-->src\main\AndroidManifest.xml:41:13-44:29
85                <action android:name="android.intent.action.MAIN" />
85-->src\main\AndroidManifest.xml:42:17-68
85-->src\main\AndroidManifest.xml:42:25-66
86
87                <category android:name="android.intent.category.LAUNCHER" />
87-->src\main\AndroidManifest.xml:43:17-76
87-->src\main\AndroidManifest.xml:43:27-74
88            </intent-filter>
89        </activity>
90        <!--
91             Don't delete the meta-data below.
92             This is used by the Flutter tool to generate GeneratedPluginRegistrant.java
93        -->
94        <meta-data
94-->src\main\AndroidManifest.xml:48:9-50:33
95            android:name="flutterEmbedding"
95-->src\main\AndroidManifest.xml:49:13-44
96            android:value="2" />
96-->src\main\AndroidManifest.xml:50:13-30
97
98        <uses-library
98-->[androidx.window:window:1.0.0] AndroidManifest.xml:25:9-27:40
99            android:name="androidx.window.extensions"
99-->[androidx.window:window:1.0.0] AndroidManifest.xml:26:13-54
100            android:required="false" />
100-->[androidx.window:window:1.0.0] AndroidManifest.xml:27:13-37
101        <uses-library
101-->[androidx.window:window:1.0.0] AndroidManifest.xml:28:9-30:40
102            android:name="androidx.window.sidecar"
102-->[androidx.window:window:1.0.0] AndroidManifest.xml:29:13-51
103            android:required="false" />
103-->[androidx.window:window:1.0.0] AndroidManifest.xml:30:13-37
104
105        <provider
105-->[androidx.profileinstaller:profileinstaller:1.3.0] AndroidManifest.xml:24:9-32:20
106            android:name="androidx.startup.InitializationProvider"
106-->[androidx.profileinstaller:profileinstaller:1.3.0] AndroidManifest.xml:25:13-67
107            android:authorities="com.cordova.mobile.androidx-startup"
107-->[androidx.profileinstaller:profileinstaller:1.3.0] AndroidManifest.xml:26:13-68
108            android:exported="false" >
108-->[androidx.profileinstaller:profileinstaller:1.3.0] AndroidManifest.xml:27:13-37
109            <meta-data
109-->[androidx.profileinstaller:profileinstaller:1.3.0] AndroidManifest.xml:29:13-31:52
110                android:name="androidx.profileinstaller.ProfileInstallerInitializer"
110-->[androidx.profileinstaller:profileinstaller:1.3.0] AndroidManifest.xml:30:17-85
111                android:value="androidx.startup" />
111-->[androidx.profileinstaller:profileinstaller:1.3.0] AndroidManifest.xml:31:17-49
112        </provider>
113
114        <receiver
114-->[androidx.profileinstaller:profileinstaller:1.3.0] AndroidManifest.xml:34:9-52:20
115            android:name="androidx.profileinstaller.ProfileInstallReceiver"
115-->[androidx.profileinstaller:profileinstaller:1.3.0] AndroidManifest.xml:35:13-76
116            android:directBootAware="false"
116-->[androidx.profileinstaller:profileinstaller:1.3.0] AndroidManifest.xml:36:13-44
117            android:enabled="true"
117-->[androidx.profileinstaller:profileinstaller:1.3.0] AndroidManifest.xml:37:13-35
118            android:exported="true"
118-->[androidx.profileinstaller:profileinstaller:1.3.0] AndroidManifest.xml:38:13-36
119            android:permission="android.permission.DUMP" >
119-->[androidx.profileinstaller:profileinstaller:1.3.0] AndroidManifest.xml:39:13-57
120            <intent-filter>
120-->[androidx.profileinstaller:profileinstaller:1.3.0] AndroidManifest.xml:40:13-42:29
121                <action android:name="androidx.profileinstaller.action.INSTALL_PROFILE" />
121-->[androidx.profileinstaller:profileinstaller:1.3.0] AndroidManifest.xml:41:17-91
121-->[androidx.profileinstaller:profileinstaller:1.3.0] AndroidManifest.xml:41:25-88
122            </intent-filter>
123            <intent-filter>
123-->[androidx.profileinstaller:profileinstaller:1.3.0] AndroidManifest.xml:43:13-45:29
124                <action android:name="androidx.profileinstaller.action.SKIP_FILE" />
124-->[androidx.profileinstaller:profileinstaller:1.3.0] AndroidManifest.xml:44:17-85
124-->[androidx.profileinstaller:profileinstaller:1.3.0] AndroidManifest.xml:44:25-82
125            </intent-filter>
126            <intent-filter>
126-->[androidx.profileinstaller:profileinstaller:1.3.0] AndroidManifest.xml:46:13-48:29
127                <action android:name="androidx.profileinstaller.action.SAVE_PROFILE" />
127-->[androidx.profileinstaller:profileinstaller:1.3.0] AndroidManifest.xml:47:17-88
127-->[androidx.profileinstaller:profileinstaller:1.3.0] AndroidManifest.xml:47:25-85
128            </intent-filter>
129            <intent-filter>
129-->[androidx.profileinstaller:profileinstaller:1.3.0] AndroidManifest.xml:49:13-51:29
130                <action android:name="androidx.profileinstaller.action.BENCHMARK_OPERATION" />
130-->[androidx.profileinstaller:profileinstaller:1.3.0] AndroidManifest.xml:50:17-95
130-->[androidx.profileinstaller:profileinstaller:1.3.0] AndroidManifest.xml:50:25-92
131            </intent-filter>
132        </receiver>
133    </application>
134
135</manifest>